<?xml version="1.0" encoding="UTF-8"?>
<!-- Generated by org.testng.reporters.JUnitXMLReporter -->
<testsuite ignored="7" hostname="LAPTOP-NEB2UBL9" failures="1" tests="2" name="FirefoxTest" time="15.035" errors="0" timestamp="2024-07-15T19:07:45 IST">
  <testcase classname="testcases.PracticeTest" name="verify_checkBox" time="0.703"/>
  <testcase classname="testcases.PracticeTest" name="verify_moveElement" time="0.032">
    <failure type="org.openqa.selenium.interactions.MoveTargetOutOfBoundsException" message="Move target (80, 1038) is out of bounds of viewport dimensions (1536, 731)
Build info: version: &amp;apos;4.22.0&amp;apos;, revision: &amp;apos;c5f3146703&amp;apos;
System info: os.name: &amp;apos;Windows 11&amp;apos;, os.arch: &amp;apos;amd64&amp;apos;, os.version: &amp;apos;10.0&amp;apos;, java.version: &amp;apos;22.0.1&amp;apos;
Driver info: org.openqa.selenium.firefox.FirefoxDriver
Command: [225db665-9ba0-4865-bf51-fa363045f59f, actions {actions=[org.openqa.selenium.interactions.Sequence@39703e9c]}]
Capabilities {acceptInsecureCerts: true, browserName: firefox, browserVersion: 128.0, moz:accessibilityChecks: false, moz:buildID: 20240704121409, moz:debuggerAddress: 127.0.0.1:32412, moz:geckodriverVersion: 0.34.0, moz:headless: false, moz:platformVersion: 10.0, moz:processID: 16572, moz:profile: C:\Users\ADMIN\AppData\Loca..., moz:shutdownTimeout: 60000, moz:webdriverClick: true, moz:windowless: false, pageLoadStrategy: normal, platformName: windows, proxy: Proxy(), se:cdp: ws://127.0.0.1:32412/devtoo..., se:cdpVersion: 85.0, setWindowRect: true, strictFileInteractability: false, timeouts: {implicit: 0, pageLoad: 300000, script: 30000}, unhandledPromptBehavior: dismiss and notify, userAgent: Mozilla/5.0 (Windows NT 10....}
Session ID: 225db665-9ba0-4865-bf51-fa363045f59f">
      <![CDATA[org.openqa.selenium.interactions.MoveTargetOutOfBoundsException: Move target (80, 1038) is out of bounds of viewport dimensions (1536, 731)
Build info: version: '4.22.0', revision: 'c5f3146703'
System info: os.name: 'Windows 11', os.arch: 'amd64', os.version: '10.0', java.version: '22.0.1'
Driver info: org.openqa.selenium.firefox.FirefoxDriver
Command: [225db665-9ba0-4865-bf51-fa363045f59f, actions {actions=[org.openqa.selenium.interactions.Sequence@39703e9c]}]
Capabilities {acceptInsecureCerts: true, browserName: firefox, browserVersion: 128.0, moz:accessibilityChecks: false, moz:buildID: 20240704121409, moz:debuggerAddress: 127.0.0.1:32412, moz:geckodriverVersion: 0.34.0, moz:headless: false, moz:platformVersion: 10.0, moz:processID: 16572, moz:profile: C:\Users\ADMIN\AppData\Loca..., moz:shutdownTimeout: 60000, moz:webdriverClick: true, moz:windowless: false, pageLoadStrategy: normal, platformName: windows, proxy: Proxy(), se:cdp: ws://127.0.0.1:32412/devtoo..., se:cdpVersion: 85.0, setWindowRect: true, strictFileInteractability: false, timeouts: {implicit: 0, pageLoad: 300000, script: 30000}, unhandledPromptBehavior: dismiss and notify, userAgent: Mozilla/5.0 (Windows NT 10....}
Session ID: 225db665-9ba0-4865-bf51-fa363045f59f
at org.openqa.selenium.remote.ErrorCodec.decode(ErrorCodec.java:167)
at org.openqa.selenium.remote.codec.w3c.W3CHttpResponseCodec.decode(W3CHttpResponseCodec.java:138)
at org.openqa.selenium.remote.codec.w3c.W3CHttpResponseCodec.decode(W3CHttpResponseCodec.java:50)
at org.openqa.selenium.remote.HttpCommandExecutor.execute(HttpCommandExecutor.java:190)
at org.openqa.selenium.remote.service.DriverCommandExecutor.invokeExecute(DriverCommandExecutor.java:216)
at org.openqa.selenium.remote.service.DriverCommandExecutor.execute(DriverCommandExecutor.java:174)
at org.openqa.selenium.remote.RemoteWebDriver.execute(RemoteWebDriver.java:518)
at org.openqa.selenium.remote.RemoteWebDriver.perform(RemoteWebDriver.java:604)
at org.openqa.selenium.interactions.Actions$BuiltAction.perform(Actions.java:603)
at org.openqa.selenium.interactions.Actions.perform(Actions.java:568)
at testcases.PracticeTest.verify_moveElement(PracticeTest.java:183)
at java.base/java.util.ArrayList.forEach(ArrayList.java:1597)
at java.base/java.util.concurrent.FutureTask.run(FutureTask.java:317)
at java.base/java.util.concurrent.ThreadPoolExecutor.runWorker(ThreadPoolExecutor.java:1144)
at java.base/java.util.concurrent.ThreadPoolExecutor$Worker.run(ThreadPoolExecutor.java:642)
at java.base/java.lang.Thread.run(Thread.java:1570)
... Removed 18 stack frames]]>
    </failure>
  </testcase> <!-- verify_moveElement -->
  <testcase classname="testcases.PracticeTest" name="verify_openTab" time="0.0">
    <ignored/>
  </testcase> <!-- verify_openTab -->
  <testcase classname="testcases.PracticeTest" name="verify_dropDown" time="0.0">
    <ignored/>
  </testcase> <!-- verify_dropDown -->
  <testcase classname="testcases.PracticeTest" name="verify_textbox" time="0.0">
    <ignored/>
  </testcase> <!-- verify_textbox -->
  <testcase classname="testcases.PracticeTest" name="verify_popUp" time="0.0">
    <ignored/>
  </testcase> <!-- verify_popUp -->
  <testcase classname="testcases.PracticeTest" name="verify_Title" time="0.0">
    <ignored/>
  </testcase> <!-- verify_Title -->
  <testcase classname="testcases.PracticeTest" name="verify_openWindow" time="0.0">
    <ignored/>
  </testcase> <!-- verify_openWindow -->
  <testcase classname="testcases.PracticeTest" name="verifyRadioBtn" time="0.0">
    <ignored/>
  </testcase> <!-- verifyRadioBtn -->
</testsuite> <!-- FirefoxTest -->
